<?xml version="1.0" encoding="UTF-8"?>
<!-- Generated by org.testng.reporters.JUnitXMLReporter -->
<testsuite ignored="0" hostname="MSDT011" failures="0" tests="2" name="British Red Cross Page Test" time="37.079" errors="0" timestamp="2022-03-24T13:36:32 IST">
  <testcase classname="tests.BritishRedCrossPageTest" name="clickCreateAccount" time="4.45"/>
  <testcase classname="tests.BritishRedCrossPageTest" name="checkBritishRedCrossMenuList" time="27.378"/>
</testsuite> <!-- British Red Cross Page Test -->
