<?xml version="1.0" encoding="UTF-8"?>
<!-- Generated by org.testng.reporters.JUnitXMLReporter -->
<testsuite ignored="0" hostname="MSDT011" failures="0" tests="3" name="Login Page Test" time="13.473" errors="0" timestamp="2022-03-09T16:07:54 IST">
  <testcase classname="tests.LoginPageTest" name="verifyForgetPassLink" time="1.539"/>
  <testcase classname="tests.LoginPageTest" name="verifyLoginPage" time="4.793"/>
  <testcase classname="tests.LoginPageTest" name="verifyLoginPageTitle" time="0.013"/>
</testsuite> <!-- Login Page Test -->
