<?xml version="1.0" encoding="UTF-8"?>
<!-- Generated by org.testng.reporters.JUnitXMLReporter -->
<testsuite ignored="0" hostname="MSDT011" failures="0" tests="4" name="Resources Page Test" time="17.733" errors="0" timestamp="2022-03-21T13:45:17 IST">
  <testcase classname="tests.ResourcesPageTest" name="clickShowCaseTab" time="6.318"/>
  <testcase classname="tests.ResourcesPageTest" name="clickContactUsTab" time="2.269"/>
  <testcase classname="tests.ResourcesPageTest" name="clickOpenCartPartnersTab" time="2.087"/>
  <testcase classname="tests.ResourcesPageTest" name="clickOpenCartBooksTab" time="1.402"/>
</testsuite> <!-- Resources Page Test -->
