<?xml version="1.0" encoding="UTF-8"?>
<!-- Generated by org.testng.reporters.JUnitXMLReporter -->
<testsuite ignored="0" hostname="MSDT011" failures="0" tests="4" name="Test" time="21.883" errors="0" timestamp="2022-03-09T15:56:37 IST">
  <testcase classname="tests.ResourcesPageTest" name="clickShowCaseTab" time="6.829"/>
  <testcase classname="tests.ResourcesPageTest" name="clickContactUsTab" time="3.139"/>
  <testcase classname="tests.ResourcesPageTest" name="clickOpenCartPartnersTab" time="2.28"/>
  <testcase classname="tests.ResourcesPageTest" name="clickOpenCartBooksTab" time="2.128"/>
</testsuite> <!-- Test -->
